<!DOCTYPE html>

<html>
  <head>
  <meta charset='utf-8'>
  <title>TestNG reports</title>

    <link type="text/css" href="testng-reports1.css" rel="stylesheet" id="ultra" />
    <link type="text/css" href="testng-reports.css" rel="stylesheet" id="retro" disabled="false"/>
    <script type="text/javascript" src="jquery-3.4.1.min.js"></script>
    <script type="text/javascript" src="testng-reports.js"></script>
    <script type="text/javascript" src="https://www.google.com/jsapi"></script>
    <script type='text/javascript'>
      google.load('visualization', '1', {packages:['table']});
      google.setOnLoadCallback(drawTable);
      var suiteTableInitFunctions = new Array();
      var suiteTableData = new Array();
    </script>
    <!--
      <script type="text/javascript" src="jquery-ui/js/jquery-ui-1.8.16.custom.min.js"></script>
     -->
  </head>

  <body>
    <div class="top-banner-root">
      <span class="top-banner-title-font">Test results</span>
      <button id="button" class="button">Switch Retro Theme</button> <!-- button -->
      <br/>
      <span class="top-banner-font-1">1 suite, 3 failed tests</span>
    </div> <!-- top-banner-root -->
    <div class="navigator-root">
      <div class="navigator-suite-header">
        <span>All suites</span>
        <a href="#" title="Collapse/expand all the suites" class="collapse-all-link">
          <img src="collapseall.gif" class="collapse-all-icon">
          </img> <!-- collapse-all-icon -->
        </a> <!-- collapse-all-link -->
      </div> <!-- navigator-suite-header -->
      <div class="suite">
        <div class="rounded-window">
          <div class="suite-header light-rounded-window-top">
            <a href="#" panel-name="suite-Base_Suite" class="navigator-link">
              <span class="suite-name border-failed">Base Suite</span>
            </a> <!-- navigator-link -->
          </div> <!-- suite-header light-rounded-window-top -->
          <div class="navigator-suite-content">
            <div class="suite-section-title">
              <span>Info</span>
            </div> <!-- suite-section-title -->
            <div class="suite-section-content">
              <ul>
                <li>
                  <a href="#" panel-name="test-xml-Base_Suite" class="navigator-link ">
                    <span>D:\Telesens\SKMaven\suits\testng.xml</span>
                  </a> <!-- navigator-link  -->
                </li>
                <li>
                  <a href="#" panel-name="testlist-Base_Suite" class="navigator-link ">
                    <span class="test-stats">1 test</span>
                  </a> <!-- navigator-link  -->
                </li>
                <li>
                  <a href="#" panel-name="group-Base_Suite" class="navigator-link ">
                    <span>0 groups</span>
                  </a> <!-- navigator-link  -->
                </li>
                <li>
                  <a href="#" panel-name="times-Base_Suite" class="navigator-link ">
                    <span>Times</span>
                  </a> <!-- navigator-link  -->
                </li>
                <li>
                  <a href="#" panel-name="reporter-Base_Suite" class="navigator-link ">
                    <span>Reporter output</span>
                  </a> <!-- navigator-link  -->
                </li>
                <li>
                  <a href="#" panel-name="ignored-methods-Base_Suite" class="navigator-link ">
                    <span>Ignored methods</span>
                  </a> <!-- navigator-link  -->
                </li>
                <li>
                  <a href="#" panel-name="chronological-Base_Suite" class="navigator-link ">
                    <span>Chronological view</span>
                  </a> <!-- navigator-link  -->
                </li>
              </ul>
            </div> <!-- suite-section-content -->
            <div class="result-section">
              <div class="suite-section-title">
                <span>Results</span>
              </div> <!-- suite-section-title -->
              <div class="suite-section-content">
                <ul>
                  <li>
                    <span class="method-stats">3 methods, 3 failed,   </span>
                  </li>
                  <li>
                    <span class="method-list-title failed">Failed methods</span>
                    <span class="show-or-hide-methods failed">
                      <a href="#" panel-name="suite-Base_Suite" class="hide-methods failed suite-Base_Suite"> (hide)</a> <!-- hide-methods failed suite-Base_Suite -->
                      <a href="#" panel-name="suite-Base_Suite" class="show-methods failed suite-Base_Suite"> (show)</a> <!-- show-methods failed suite-Base_Suite -->
                    </span>
                    <div class="method-list-content failed suite-Base_Suite">
                      <span>
                        <img src="failed.png" width="3%"/>
                        <a href="#" panel-name="suite-Base_Suite" title="market.tests.MerchantsRegistrationTests" class="method navigator-link" hash-for-method="fillMerchantRequest(Кукин, Кеш, Климович, 05/03/1977, Мужской, Республика Мордовия, Санкт-Петербург, Адрм 3, Специалист,...)">fillMerchantRequest(Кукин, Кеш, Климович, 05/03/1977, Мужской, Республика Мордовия, Санкт-Петербург, Адрм 3, Специалист,...)</a> <!-- method navigator-link -->
                      </span>
                      <br/>
                      <span>
                        <img src="failed.png" width="3%"/>
                        <a href="#" panel-name="suite-Base_Suite" title="market.tests.MerchantsRegistrationTests" class="method navigator-link" hash-for-method="fillMerchantRequest(Петров, Леонид, Алексеевич, 12/12/1970, Мужской, Калининградская область, Гусев, Адрм 1, Специалист,...)">fillMerchantRequest(Петров, Леонид, Алексеевич, 12/12/1970, Мужской, Калининградская область, Гусев, Адрм 1, Специалист,...)</a> <!-- method navigator-link -->
                      </span>
                      <br/>
                      <span>
                        <img src="failed.png" width="3%"/>
                        <a href="#" panel-name="suite-Base_Suite" title="market.tests.MerchantsRegistrationTests" class="method navigator-link" hash-for-method="fillMerchantRequest(Попова, Екатерина, Дмитриевна, 21/05/1981, Женский, Московская область, Домодедово, Адрм 2, Продавец...)">fillMerchantRequest(Попова, Екатерина, Дмитриевна, 21/05/1981, Женский, Московская область, Домодедово, Адрм 2, Продавец...)</a> <!-- method navigator-link -->
                      </span>
                      <br/>
                    </div> <!-- method-list-content failed suite-Base_Suite -->
                  </li>
                </ul>
              </div> <!-- suite-section-content -->
            </div> <!-- result-section -->
          </div> <!-- navigator-suite-content -->
        </div> <!-- rounded-window -->
      </div> <!-- suite -->
    </div> <!-- navigator-root -->
    <div class="wrapper">
      <div class="main-panel-root">
        <div panel-name="suite-Base_Suite" class="panel Base_Suite">
          <div class="suite-Base_Suite-class-failed">
            <div class="main-panel-header rounded-window-top">
              <img src="failed.png"/>
              <span class="class-name">market.tests.MerchantsRegistrationTests</span>
            </div> <!-- main-panel-header rounded-window-top -->
            <div class="main-panel-content rounded-window-bottom">
              <div class="method">
                <div class="method-content">
                  <a name="fillMerchantRequest(Кукин, Кеш, Климович, 05/03/1977, Мужской, Республика Мордовия, Санкт-Петербург, Адрм 3, Специалист,...)">
                  </a> <!-- fillMerchantRequest(Кукин, Кеш, Климович, 05/03/1977, Мужской, Республика Мордовия, Санкт-Петербург, Адрм 3, Специалист,...) -->
                  <span class="method-name">fillMerchantRequest</span>
                  <span class="parameters">(Кукин, Кеш, Климович, 05/03/1977, Мужской, Республика Мордовия, Санкт-Петербург, Адрм 3, Специалист, Юридическое лицо, Самозанятый, Какое-то, 4.44555332E8, test3@test.test, Описание 3)</span>
                  <div class="stack-trace">org.openqa.selenium.NoSuchWindowException: no such window: target window already closed
from unknown error: web view not found
  (Session info: chrome=86.0.4240.75)
Build info: version: &apos;4.0.0-alpha-6&apos;, revision: &apos;5f43a29cfc&apos;
System info: host: &apos;BUSINESS&apos;, ip: &apos;192.168.3.117&apos;, os.name: &apos;Windows 10&apos;, os.arch: &apos;amd64&apos;, os.version: &apos;10.0&apos;, java.version: &apos;11.0.5&apos;
Driver info: org.openqa.selenium.chrome.ChromeDriver
Capabilities {acceptInsecureCerts: false, browserName: chrome, browserVersion: 86.0.4240.75, chrome: {chromedriverVersion: 85.0.4183.87 (cd6713ebf92fa..., userDataDir: C:\Users\msavenko\AppData\L...}, goog:chromeOptions: {debuggerAddress: localhost:58128}, javascriptEnabled: true, networkConnectionEnabled: false, pageLoadStrategy: normal, platform: WINDOWS, platformName: WINDOWS, proxy: Proxy(), setWindowRect: true, strictFileInteractability: false, timeouts: {implicit: 0, pageLoad: 300000, script: 30000}, unhandledPromptBehavior: dismiss and notify, webauthn:virtualAuthenticators: true}
Session ID: a4fda7866ec2c750cbcb4a37139c17d9
	at org.openqa.selenium.remote.codec.w3c.W3CHttpResponseCodec.createException(W3CHttpResponseCodec.java:196)
	at org.openqa.selenium.remote.codec.w3c.W3CHttpResponseCodec.decode(W3CHttpResponseCodec.java:129)
	at org.openqa.selenium.remote.codec.w3c.W3CHttpResponseCodec.decode(W3CHttpResponseCodec.java:53)
	at org.openqa.selenium.remote.HttpCommandExecutor.execute(HttpCommandExecutor.java:160)
	at org.openqa.selenium.remote.service.DriverCommandExecutor.execute(DriverCommandExecutor.java:83)
	at org.openqa.selenium.remote.RemoteWebDriver.execute(RemoteWebDriver.java:582)
	at org.openqa.selenium.remote.RemoteWebDriver.execute(RemoteWebDriver.java:639)
	at org.openqa.selenium.remote.RemoteWebDriver.execute(RemoteWebDriver.java:643)
	at org.openqa.selenium.remote.RemoteWebDriver.getScreenshotAs(RemoteWebDriver.java:303)
	at Base.WebDriverEventListenerImplementation.makeScreenshot(WebDriverEventListenerImplementation.java:170)
	at Base.WebDriverEventListenerImplementation.onException(WebDriverEventListenerImplementation.java:146)
	at org.openqa.selenium.support.events.EventFiringWebDriver.lambda$new$0(EventFiringWebDriver.java:85)
	at com.sun.proxy.$Proxy16.onException(Unknown Source)
	at org.openqa.selenium.support.events.EventFiringWebDriver.lambda$new$1(EventFiringWebDriver.java:108)
	at com.sun.proxy.$Proxy17.get(Unknown Source)
	at org.openqa.selenium.support.events.EventFiringWebDriver.get(EventFiringWebDriver.java:166)
	at market.tests.pages.MerchantRegistrationPage.goToPage(MerchantRegistrationPage.java:180)
	at market.tests.MerchantsRegistrationTests.fillMerchantRequest(MerchantsRegistrationTests.java:31)
	at java.base/java.util.ArrayList.forEach(ArrayList.java:1540)
... Removed 39 stack frames
</div> <!-- stack-trace -->
                </div> <!-- method-content -->
              </div> <!-- method -->
              <div class="method">
                <div class="method-content">
                  <a name="fillMerchantRequest(Петров, Леонид, Алексеевич, 12/12/1970, Мужской, Калининградская область, Гусев, Адрм 1, Специалист,...)">
                  </a> <!-- fillMerchantRequest(Петров, Леонид, Алексеевич, 12/12/1970, Мужской, Калининградская область, Гусев, Адрм 1, Специалист,...) -->
                  <span class="method-name">fillMerchantRequest</span>
                  <span class="parameters">(Петров, Леонид, Алексеевич, 12/12/1970, Мужской, Калининградская область, Гусев, Адрм 1, Специалист, Физическое лицо, ФЛП, Название 1, 1.11111111E8, test1@test.test, Описание 1)</span>
                  <div class="stack-trace">org.openqa.selenium.NoSuchWindowException: no such window: target window already closed
from unknown error: web view not found
  (Session info: chrome=86.0.4240.75)
Build info: version: &apos;4.0.0-alpha-6&apos;, revision: &apos;5f43a29cfc&apos;
System info: host: &apos;BUSINESS&apos;, ip: &apos;192.168.3.117&apos;, os.name: &apos;Windows 10&apos;, os.arch: &apos;amd64&apos;, os.version: &apos;10.0&apos;, java.version: &apos;11.0.5&apos;
Driver info: org.openqa.selenium.chrome.ChromeDriver
Capabilities {acceptInsecureCerts: false, browserName: chrome, browserVersion: 86.0.4240.75, chrome: {chromedriverVersion: 85.0.4183.87 (cd6713ebf92fa..., userDataDir: C:\Users\msavenko\AppData\L...}, goog:chromeOptions: {debuggerAddress: localhost:58128}, javascriptEnabled: true, networkConnectionEnabled: false, pageLoadStrategy: normal, platform: WINDOWS, platformName: WINDOWS, proxy: Proxy(), setWindowRect: true, strictFileInteractability: false, timeouts: {implicit: 0, pageLoad: 300000, script: 30000}, unhandledPromptBehavior: dismiss and notify, webauthn:virtualAuthenticators: true}
Session ID: a4fda7866ec2c750cbcb4a37139c17d9
	at org.openqa.selenium.remote.codec.w3c.W3CHttpResponseCodec.createException(W3CHttpResponseCodec.java:196)
	at org.openqa.selenium.remote.codec.w3c.W3CHttpResponseCodec.decode(W3CHttpResponseCodec.java:129)
	at org.openqa.selenium.remote.codec.w3c.W3CHttpResponseCodec.decode(W3CHttpResponseCodec.java:53)
	at org.openqa.selenium.remote.HttpCommandExecutor.execute(HttpCommandExecutor.java:160)
	at org.openqa.selenium.remote.service.DriverCommandExecutor.execute(DriverCommandExecutor.java:83)
	at org.openqa.selenium.remote.RemoteWebDriver.execute(RemoteWebDriver.java:582)
	at org.openqa.selenium.remote.RemoteWebDriver.execute(RemoteWebDriver.java:639)
	at org.openqa.selenium.remote.RemoteWebDriver.execute(RemoteWebDriver.java:643)
	at org.openqa.selenium.remote.RemoteWebDriver.getScreenshotAs(RemoteWebDriver.java:303)
	at Base.WebDriverEventListenerImplementation.makeScreenshot(WebDriverEventListenerImplementation.java:170)
	at Base.WebDriverEventListenerImplementation.onException(WebDriverEventListenerImplementation.java:146)
	at org.openqa.selenium.support.events.EventFiringWebDriver.lambda$new$0(EventFiringWebDriver.java:85)
	at com.sun.proxy.$Proxy16.onException(Unknown Source)
	at org.openqa.selenium.support.events.EventFiringWebDriver.lambda$new$1(EventFiringWebDriver.java:108)
	at com.sun.proxy.$Proxy17.findElement(Unknown Source)
	at org.openqa.selenium.support.events.EventFiringWebDriver.findElement(EventFiringWebDriver.java:195)
	at org.openqa.selenium.support.pagefactory.DefaultElementLocator.findElement(DefaultElementLocator.java:70)
	at org.openqa.selenium.support.pagefactory.internal.LocatingElementHandler.invoke(LocatingElementHandler.java:39)
	at com.sun.proxy.$Proxy21.findElement(Unknown Source)
	at market.tests.pages.MerchantRegistrationPage.fillRegion(MerchantRegistrationPage.java:103)
	at market.tests.MerchantsRegistrationTests.fillMerchantRequest(MerchantsRegistrationTests.java:37)
	at java.base/java.util.ArrayList.forEach(ArrayList.java:1540)
... Removed 39 stack frames
</div> <!-- stack-trace -->
                </div> <!-- method-content -->
              </div> <!-- method -->
              <div class="method">
                <div class="method-content">
                  <a name="fillMerchantRequest(Попова, Екатерина, Дмитриевна, 21/05/1981, Женский, Московская область, Домодедово, Адрм 2, Продавец...)">
                  </a> <!-- fillMerchantRequest(Попова, Екатерина, Дмитриевна, 21/05/1981, Женский, Московская область, Домодедово, Адрм 2, Продавец...) -->
                  <span class="method-name">fillMerchantRequest</span>
                  <span class="parameters">(Попова, Екатерина, Дмитриевна, 21/05/1981, Женский, Московская область, Домодедово, Адрм 2, Продавец, Физическое лицо, ЗАО, Посуда топ, 2.22333444E8, test2@test.test, Описание 2)</span>
                  <div class="stack-trace">org.openqa.selenium.NoSuchWindowException: no such window: target window already closed
from unknown error: web view not found
  (Session info: chrome=86.0.4240.75)
Build info: version: &apos;4.0.0-alpha-6&apos;, revision: &apos;5f43a29cfc&apos;
System info: host: &apos;BUSINESS&apos;, ip: &apos;192.168.3.117&apos;, os.name: &apos;Windows 10&apos;, os.arch: &apos;amd64&apos;, os.version: &apos;10.0&apos;, java.version: &apos;11.0.5&apos;
Driver info: org.openqa.selenium.chrome.ChromeDriver
Capabilities {acceptInsecureCerts: false, browserName: chrome, browserVersion: 86.0.4240.75, chrome: {chromedriverVersion: 85.0.4183.87 (cd6713ebf92fa..., userDataDir: C:\Users\msavenko\AppData\L...}, goog:chromeOptions: {debuggerAddress: localhost:58128}, javascriptEnabled: true, networkConnectionEnabled: false, pageLoadStrategy: normal, platform: WINDOWS, platformName: WINDOWS, proxy: Proxy(), setWindowRect: true, strictFileInteractability: false, timeouts: {implicit: 0, pageLoad: 300000, script: 30000}, unhandledPromptBehavior: dismiss and notify, webauthn:virtualAuthenticators: true}
Session ID: a4fda7866ec2c750cbcb4a37139c17d9
	at org.openqa.selenium.remote.codec.w3c.W3CHttpResponseCodec.createException(W3CHttpResponseCodec.java:196)
	at org.openqa.selenium.remote.codec.w3c.W3CHttpResponseCodec.decode(W3CHttpResponseCodec.java:129)
	at org.openqa.selenium.remote.codec.w3c.W3CHttpResponseCodec.decode(W3CHttpResponseCodec.java:53)
	at org.openqa.selenium.remote.HttpCommandExecutor.execute(HttpCommandExecutor.java:160)
	at org.openqa.selenium.remote.service.DriverCommandExecutor.execute(DriverCommandExecutor.java:83)
	at org.openqa.selenium.remote.RemoteWebDriver.execute(RemoteWebDriver.java:582)
	at org.openqa.selenium.remote.RemoteWebDriver.execute(RemoteWebDriver.java:639)
	at org.openqa.selenium.remote.RemoteWebDriver.execute(RemoteWebDriver.java:643)
	at org.openqa.selenium.remote.RemoteWebDriver.getScreenshotAs(RemoteWebDriver.java:303)
	at Base.WebDriverEventListenerImplementation.makeScreenshot(WebDriverEventListenerImplementation.java:170)
	at Base.WebDriverEventListenerImplementation.onException(WebDriverEventListenerImplementation.java:146)
	at org.openqa.selenium.support.events.EventFiringWebDriver.lambda$new$0(EventFiringWebDriver.java:85)
	at com.sun.proxy.$Proxy16.onException(Unknown Source)
	at org.openqa.selenium.support.events.EventFiringWebDriver.lambda$new$1(EventFiringWebDriver.java:108)
	at com.sun.proxy.$Proxy17.get(Unknown Source)
	at org.openqa.selenium.support.events.EventFiringWebDriver.get(EventFiringWebDriver.java:166)
	at market.tests.pages.MerchantRegistrationPage.goToPage(MerchantRegistrationPage.java:180)
	at market.tests.MerchantsRegistrationTests.fillMerchantRequest(MerchantsRegistrationTests.java:31)
	at java.base/java.util.ArrayList.forEach(ArrayList.java:1540)
... Removed 39 stack frames
</div> <!-- stack-trace -->
                </div> <!-- method-content -->
              </div> <!-- method -->
            </div> <!-- main-panel-content rounded-window-bottom -->
          </div> <!-- suite-Base_Suite-class-failed -->
        </div> <!-- panel Base_Suite -->
        <div panel-name="test-xml-Base_Suite" class="panel">
          <div class="main-panel-header rounded-window-top">
            <span class="header-content">D:\Telesens\SKMaven\suits\testng.xml</span>
          </div> <!-- main-panel-header rounded-window-top -->
          <div class="main-panel-content rounded-window-bottom">
            <pre>
&lt;?xml version=&quot;1.0&quot; encoding=&quot;UTF-8&quot;?&gt;
&lt;!DOCTYPE suite SYSTEM &quot;https://testng.org/testng-1.0.dtd&quot;&gt;
&lt;suite name=&quot;Base Suite&quot; guice-stage=&quot;DEVELOPMENT&quot; verbose=&quot;0&quot;&gt;
  &lt;test thread-count=&quot;5&quot; name=&quot;Market Tests&quot; verbose=&quot;0&quot;&gt;
    &lt;parameter name=&quot;path&quot; value=&quot;less&quot;/&gt;
    &lt;parameter name=&quot;browser&quot; value=&quot;chrome&quot;/&gt;
    &lt;packages&gt;
      &lt;package name=&quot;market.tests&quot;/&gt;
    &lt;/packages&gt;
    &lt;classes&gt;
      &lt;class name=&quot;market.tests.CreateMerchantTest_old&quot;/&gt;
      &lt;class name=&quot;market.tests.MerchantsRegistrationTests&quot;/&gt;
    &lt;/classes&gt;
  &lt;/test&gt; &lt;!-- Market Tests --&gt;
&lt;/suite&gt; &lt;!-- Base Suite --&gt;
            </pre>
          </div> <!-- main-panel-content rounded-window-bottom -->
        </div> <!-- panel -->
        <div panel-name="testlist-Base_Suite" class="panel">
          <div class="main-panel-header rounded-window-top">
            <span class="header-content">Tests for Base Suite</span>
          </div> <!-- main-panel-header rounded-window-top -->
          <div class="main-panel-content rounded-window-bottom">
            <ul>
              <li>
                <span class="test-name">Market Tests (2 classes)</span>
              </li>
            </ul>
          </div> <!-- main-panel-content rounded-window-bottom -->
        </div> <!-- panel -->
        <div panel-name="group-Base_Suite" class="panel">
          <div class="main-panel-header rounded-window-top">
            <span class="header-content">Groups for Base Suite</span>
          </div> <!-- main-panel-header rounded-window-top -->
          <div class="main-panel-content rounded-window-bottom">
          </div> <!-- main-panel-content rounded-window-bottom -->
        </div> <!-- panel -->
        <div panel-name="times-Base_Suite" class="panel">
          <div class="main-panel-header rounded-window-top">
            <span class="header-content">Times for Base Suite</span>
          </div> <!-- main-panel-header rounded-window-top -->
          <div class="main-panel-content rounded-window-bottom">
            <div class="times-div">
              <script type="text/javascript">
suiteTableInitFunctions.push('tableData_Base_Suite');
function tableData_Base_Suite() {
var data = new google.visualization.DataTable();
data.addColumn('number', 'Number');
data.addColumn('string', 'Method');
data.addColumn('string', 'Class');
data.addColumn('number', 'Time (ms)');
data.addRows(3);
data.setCell(0, 0, 0)
data.setCell(0, 1, 'fillMerchantRequest')
data.setCell(0, 2, 'market.tests.MerchantsRegistrationTests')
data.setCell(0, 3, 24396);
data.setCell(1, 0, 1)
data.setCell(1, 1, 'fillMerchantRequest')
data.setCell(1, 2, 'market.tests.MerchantsRegistrationTests')
data.setCell(1, 3, 40);
data.setCell(2, 0, 2)
data.setCell(2, 1, 'fillMerchantRequest')
data.setCell(2, 2, 'market.tests.MerchantsRegistrationTests')
data.setCell(2, 3, 37);
window.suiteTableData['Base_Suite']= { tableData: data, tableDiv: 'times-div-Base_Suite'}
return data;
}
              </script>
              <span class="suite-total-time">Total running time: 24 seconds</span>
              <div id="times-div-Base_Suite">
              </div> <!-- times-div-Base_Suite -->
            </div> <!-- times-div -->
          </div> <!-- main-panel-content rounded-window-bottom -->
        </div> <!-- panel -->
        <div panel-name="reporter-Base_Suite" class="panel">
          <div class="main-panel-header rounded-window-top">
            <span class="header-content">Reporter output for Base Suite</span>
          </div> <!-- main-panel-header rounded-window-top -->
          <div class="main-panel-content rounded-window-bottom">
          </div> <!-- main-panel-content rounded-window-bottom -->
        </div> <!-- panel -->
        <div panel-name="ignored-methods-Base_Suite" class="panel">
          <div class="main-panel-header rounded-window-top">
            <span class="header-content">5 ignored methods</span>
          </div> <!-- main-panel-header rounded-window-top -->
          <div class="main-panel-content rounded-window-bottom">
            <div class="ignored-class-div">
              <span class="ignored-class-name">market.tests.MerchantsRegistrationTests</span>
              <div class="ignored-methods-div">
                <span class="ignored-method-name">userLogin</span>
                <br/>
              </div> <!-- ignored-methods-div -->
            </div> <!-- ignored-class-div -->
            <div class="ignored-class-div">
              <span class="ignored-class-name">market.tests.CreateMerchantTest_old</span>
              <div class="ignored-methods-div">
                <span class="ignored-method-name">fillMerchantRequestUsingPage</span>
                <br/>
                <span class="ignored-method-name">fillMerchantRequestUsingPage2</span>
                <br/>
                <span class="ignored-method-name">submitMerchantRequest</span>
                <br/>
                <span class="ignored-method-name">fillMerchantRequest</span>
                <br/>
              </div> <!-- ignored-methods-div -->
            </div> <!-- ignored-class-div -->
          </div> <!-- main-panel-content rounded-window-bottom -->
        </div> <!-- panel -->
        <div panel-name="chronological-Base_Suite" class="panel">
          <div class="main-panel-header rounded-window-top">
            <span class="header-content">Methods in chronological order</span>
          </div> <!-- main-panel-header rounded-window-top -->
          <div class="main-panel-content rounded-window-bottom">
            <div class="chronological-class">
              <div class="chronological-class-name">market.tests.MerchantsRegistrationTests</div> <!-- chronological-class-name -->
              <div class="configuration-class before">
                <span class="method-name">setUp(chrome, less)</span>
                <span class="method-start">0 ms</span>
              </div> <!-- configuration-class before -->
              <div class="configuration-method before">
                <span class="method-name">testStart(public void market.tests.MerchantsRegistrationTests.fillMerchantRequest(java.lang.String,java.lang.S...)</span>
                <span class="method-start">5501 ms</span>
              </div> <!-- configuration-method before -->
              <div class="test-method">
                <img src="failed.png">
                </img>
                <span class="method-name">fillMerchantRequest(Петров, Леонид, Алексеевич, 12/12/1970, Мужской, Калининградская область, Гусев, Адрм 1, Специалист,...)</span>
                <span class="method-start">5504 ms</span>
              </div> <!-- test-method -->
              <div class="configuration-method after">
                <span class="method-name">testEnd(public void market.tests.MerchantsRegistrationTests.fillMerchantRequest(java.lang.String,java.lang.S...)</span>
                <span class="method-start">29924 ms</span>
              </div> <!-- configuration-method after -->
              <div class="configuration-method before">
                <span class="method-name">testStart(public void market.tests.MerchantsRegistrationTests.fillMerchantRequest(java.lang.String,java.lang.S...)</span>
                <span class="method-start">29930 ms</span>
              </div> <!-- configuration-method before -->
              <div class="test-method">
                <img src="failed.png">
                </img>
                <span class="method-name">fillMerchantRequest(Попова, Екатерина, Дмитриевна, 21/05/1981, Женский, Московская область, Домодедово, Адрм 2, Продавец...)</span>
                <span class="method-start">29931 ms</span>
              </div> <!-- test-method -->
              <div class="configuration-method after">
                <span class="method-name">testEnd(public void market.tests.MerchantsRegistrationTests.fillMerchantRequest(java.lang.String,java.lang.S...)</span>
                <span class="method-start">29972 ms</span>
              </div> <!-- configuration-method after -->
              <div class="configuration-method before">
                <span class="method-name">testStart(public void market.tests.MerchantsRegistrationTests.fillMerchantRequest(java.lang.String,java.lang.S...)</span>
                <span class="method-start">29975 ms</span>
              </div> <!-- configuration-method before -->
              <div class="test-method">
                <img src="failed.png">
                </img>
                <span class="method-name">fillMerchantRequest(Кукин, Кеш, Климович, 05/03/1977, Мужской, Республика Мордовия, Санкт-Петербург, Адрм 3, Специалист,...)</span>
                <span class="method-start">29976 ms</span>
              </div> <!-- test-method -->
              <div class="configuration-method after">
                <span class="method-name">testEnd(public void market.tests.MerchantsRegistrationTests.fillMerchantRequest(java.lang.String,java.lang.S...)</span>
                <span class="method-start">30028 ms</span>
              </div> <!-- configuration-method after -->
              <div class="configuration-class after">
                <span class="method-name">tearDown</span>
                <span class="method-start">30029 ms</span>
              </div> <!-- configuration-class after -->
          </div> <!-- main-panel-content rounded-window-bottom -->
        </div> <!-- panel -->
      </div> <!-- main-panel-root -->
    </div> <!-- wrapper -->
  </body>
<script type="text/javascript" src="testng-reports2.js"></script>
</html>
